<?xml version="1.0" encoding="UTF-8"?>
<!-- Generated by org.testng.reporters.JUnitXMLReporter -->
<testsuite ignored="0" hostname="DESKTOP-8Q41GAR" failures="1" tests="4" name="Test" time="0.523" errors="0" timestamp="2022-08-15T18:54:26 IST">
  <testcase classname="test1.tc2" name="b" time="0.195"/>
  <testcase classname="test1.tc2" name="c" time="0.024">
    <failure type="java.lang.AssertionError" message="expected [false] but found [true]">
      <![CDATA[java.lang.AssertionError: expected [false] but found [true]
at test1.tc2.c(tc2.java:14)
at java.base/java.util.ArrayList.forEach(ArrayList.java:1511)
... Removed 33 stack frames]]>
    </failure>
  </testcase> <!-- c -->
  <testcase classname="test1.tc1" name="a" time="0.008"/>
  <testcase classname="test1.tc1" name="f" time="0.014"/>
</testsuite> <!-- Test -->
